<?xml version="1.0" encoding="UTF-8"?>
<testsuite name="com.mindex.challenge.service.impl.EmployeeServiceImplTest" tests="1" skipped="0" failures="0" errors="0" timestamp="2021-06-12T23:11:54" hostname="SKYNET.local" time="0.257">
  <properties/>
  <testcase name="testCreateReadUpdate" classname="com.mindex.challenge.service.impl.EmployeeServiceImplTest" time="0.257"/>
  <system-out><![CDATA[2021-06-12 19:11:53.546  INFO 18308 --- [    Test worker] .b.t.c.SpringBootTestContextBootstrapper : Neither @ContextConfiguration nor @ContextHierarchy found for test class [com.mindex.challenge.service.impl.EmployeeServiceImplTest], using SpringBootContextLoader
2021-06-12 19:11:53.547  INFO 18308 --- [    Test worker] o.s.t.c.support.AbstractContextLoader    : Could not detect default resource locations for test class [com.mindex.challenge.service.impl.EmployeeServiceImplTest]: no resource found for suffixes {-context.xml, Context.groovy}.
2021-06-12 19:11:53.547  INFO 18308 --- [    Test worker] t.c.s.AnnotationConfigContextLoaderUtils : Could not detect default configuration classes for test class [com.mindex.challenge.service.impl.EmployeeServiceImplTest]: EmployeeServiceImplTest does not declare any static, non-private, non-final, nested classes annotated with @Configuration.
2021-06-12 19:11:53.555  INFO 18308 --- [    Test worker] .b.t.c.SpringBootTestContextBootstrapper : Found @SpringBootConfiguration com.mindex.challenge.ChallengeApplication for test class com.mindex.challenge.service.impl.EmployeeServiceImplTest
2021-06-12 19:11:53.557  INFO 18308 --- [    Test worker] .b.t.c.SpringBootTestContextBootstrapper : Loaded default TestExecutionListener class names from location [META-INF/spring.factories]: [org.springframework.boot.test.autoconfigure.restdocs.RestDocsTestExecutionListener, org.springframework.boot.test.autoconfigure.web.client.MockRestServiceServerResetTestExecutionListener, org.springframework.boot.test.autoconfigure.web.servlet.MockMvcPrintOnlyOnFailureTestExecutionListener, org.springframework.boot.test.autoconfigure.web.servlet.WebDriverTestExecutionListener, org.springframework.boot.test.mock.mockito.MockitoTestExecutionListener, org.springframework.boot.test.mock.mockito.ResetMocksTestExecutionListener, org.springframework.test.context.web.ServletTestExecutionListener, org.springframework.test.context.support.DirtiesContextBeforeModesTestExecutionListener, org.springframework.test.context.support.DependencyInjectionTestExecutionListener, org.springframework.test.context.support.DirtiesContextTestExecutionListener, org.springframework.test.context.transaction.TransactionalTestExecutionListener, org.springframework.test.context.jdbc.SqlScriptsTestExecutionListener, org.springframework.test.context.event.EventPublishingTestExecutionListener]
2021-06-12 19:11:53.558  INFO 18308 --- [    Test worker] .b.t.c.SpringBootTestContextBootstrapper : Using TestExecutionListeners: [org.springframework.test.context.web.ServletTestExecutionListener@75523da3, org.springframework.test.context.support.DirtiesContextBeforeModesTestExecutionListener@350cdcd9, org.springframework.boot.test.mock.mockito.MockitoTestExecutionListener@56591b04, org.springframework.boot.test.autoconfigure.SpringBootDependencyInjectionTestExecutionListener@3dc57674, org.springframework.test.context.support.DirtiesContextTestExecutionListener@599efb4a, org.springframework.test.context.transaction.TransactionalTestExecutionListener@aa70eb4, org.springframework.test.context.jdbc.SqlScriptsTestExecutionListener@1438a5df, org.springframework.test.context.event.EventPublishingTestExecutionListener@2d817fa, org.springframework.boot.test.autoconfigure.restdocs.RestDocsTestExecutionListener@2c32f840, org.springframework.boot.test.autoconfigure.web.client.MockRestServiceServerResetTestExecutionListener@1e5291dc, org.springframework.boot.test.autoconfigure.web.servlet.MockMvcPrintOnlyOnFailureTestExecutionListener@4f15d994, org.springframework.boot.test.autoconfigure.web.servlet.WebDriverTestExecutionListener@db0704b, org.springframework.boot.test.mock.mockito.ResetMocksTestExecutionListener@367b6945]

  .   ____          _            __ _ _
 /\\ / ___'_ __ _ _(_)_ __  __ _ \ \ \ \
( ( )\___ | '_ | '_| | '_ \/ _` | \ \ \ \
 \\/  ___)| |_)| | | | | || (_| |  ) ) ) )
  '  |____| .__|_| |_|_| |_\__, | / / / /
 =========|_|==============|___/=/_/_/_/
 :: Spring Boot ::        (v2.2.0.RELEASE)

2021-06-12 19:11:53.584  INFO 18308 --- [    Test worker] c.m.c.s.impl.EmployeeServiceImplTest     : Starting EmployeeServiceImplTest on SKYNET.local with PID 18308 (started by andreisuslov in /Users/andreisuslov/Downloads/mindex-java-code-challenge 2)
2021-06-12 19:11:53.584 DEBUG 18308 --- [    Test worker] c.m.c.s.impl.EmployeeServiceImplTest     : Running with Spring Boot v2.2.0.RELEASE, Spring v5.2.0.RELEASE
2021-06-12 19:11:53.585  INFO 18308 --- [    Test worker] c.m.c.s.impl.EmployeeServiceImplTest     : No active profile set, falling back to default profiles: default
2021-06-12 19:11:53.689  INFO 18308 --- [    Test worker] .s.d.r.c.RepositoryConfigurationDelegate : Bootstrapping Spring Data repositories in DEFAULT mode.
2021-06-12 19:11:53.696  INFO 18308 --- [    Test worker] .s.d.r.c.RepositoryConfigurationDelegate : Finished Spring Data repository scanning in 6ms. Found 2 repository interfaces.
2021-06-12 19:11:53.923  INFO 18308 --- [    Test worker] o.s.b.w.embedded.tomcat.TomcatWebServer  : Tomcat initialized with port(s): 0 (http)
2021-06-12 19:11:53.933  INFO 18308 --- [    Test worker] o.apache.catalina.core.StandardService   : Starting service [Tomcat]
2021-06-12 19:11:53.933  INFO 18308 --- [    Test worker] org.apache.catalina.core.StandardEngine  : Starting Servlet engine: [Apache Tomcat/9.0.27]
2021-06-12 19:11:54.027  INFO 18308 --- [    Test worker] o.a.c.c.C.[Tomcat].[localhost].[/]       : Initializing Spring embedded WebApplicationContext
2021-06-12 19:11:54.028  INFO 18308 --- [    Test worker] o.s.web.context.ContextLoader            : Root WebApplicationContext: initialization completed in 440 ms
2021-06-12 19:11:54.123  INFO 18308 --- [    Test worker] de.bwaldvogel.mongo.MongoServer          : started MongoServer(port: 51845, ssl: false)
2021-06-12 19:11:54.125  INFO 18308 --- [    Test worker] org.mongodb.driver.cluster               : Cluster created with settings {hosts=[127.0.0.1:51845], mode=SINGLE, requiredClusterType=UNKNOWN, serverSelectionTimeout='30000 ms', maxWaitQueueSize=500}
2021-06-12 19:11:54.136  WARN 18308 --- [    Test worker] o.s.data.convert.CustomConversions       : Registering converter from class java.time.LocalDateTime to class java.time.Instant as reading converter although it doesn't convert from a store-supported type! You might wanna check you annotation setup at the converter implementation.
2021-06-12 19:11:54.136  WARN 18308 --- [    Test worker] o.s.data.convert.CustomConversions       : Registering converter from class java.time.Instant to class java.time.LocalDateTime as reading converter although it doesn't convert from a store-supported type! You might wanna check you annotation setup at the converter implementation.
2021-06-12 19:11:54.138  WARN 18308 --- [    Test worker] o.s.data.convert.CustomConversions       : Registering converter from class java.time.LocalDateTime to class java.time.Instant as reading converter although it doesn't convert from a store-supported type! You might wanna check you annotation setup at the converter implementation.
2021-06-12 19:11:54.138  WARN 18308 --- [    Test worker] o.s.data.convert.CustomConversions       : Registering converter from class java.time.Instant to class java.time.LocalDateTime as reading converter although it doesn't convert from a store-supported type! You might wanna check you annotation setup at the converter implementation.
2021-06-12 19:11:54.140  INFO 18308 --- [-server-worker1] d.b.mongo.wire.MongoWireProtocolHandler  : client [id: 0x94d2a1d9, L:/127.0.0.1:51845 - R:/127.0.0.1:51846] connected
2021-06-12 19:11:54.143  INFO 18308 --- [127.0.0.1:51845] org.mongodb.driver.connection            : Opened connection [connectionId{localValue:3}] to 127.0.0.1:51845
2021-06-12 19:11:54.144  INFO 18308 --- [127.0.0.1:51845] org.mongodb.driver.cluster               : Monitor thread successfully connected to server with description ServerDescription{address=127.0.0.1:51845, type=STANDALONE, state=CONNECTED, ok=true, version=ServerVersion{versionList=[3, 0, 0]}, minWireVersion=0, maxWireVersion=2, maxDocumentSize=16777216, logicalSessionTimeoutMinutes=null, roundTripTimeNanos=942008}
2021-06-12 19:11:54.197  INFO 18308 --- [-server-worker2] d.b.mongo.wire.MongoWireProtocolHandler  : client [id: 0x290356aa, L:/127.0.0.1:51845 - R:/127.0.0.1:51847] connected
2021-06-12 19:11:54.201  INFO 18308 --- [    Test worker] org.mongodb.driver.connection            : Opened connection [connectionId{localValue:4}] to 127.0.0.1:51845
2021-06-12 19:11:54.201  INFO 18308 --- [-server-worker2] d.b.mongo.backend.AbstractMongoBackend   : created database test
2021-06-12 19:11:54.202  INFO 18308 --- [-server-worker2] d.b.mongo.backend.AbstractMongoDatabase  : adding unique _id index for collection employee
2021-06-12 19:11:54.202  INFO 18308 --- [-server-worker2] d.b.mongo.backend.AbstractMongoDatabase  : created collection test.employee
2021-06-12 19:11:54.213  INFO 18308 --- [-server-worker2] d.b.mongo.backend.AbstractMongoDatabase  : adding unique _id index for collection compensation
2021-06-12 19:11:54.213  INFO 18308 --- [-server-worker2] d.b.mongo.backend.AbstractMongoDatabase  : created collection test.compensation
2021-06-12 19:11:54.303  INFO 18308 --- [    Test worker] o.s.s.concurrent.ThreadPoolTaskExecutor  : Initializing ExecutorService 'applicationTaskExecutor'
2021-06-12 19:11:54.396  WARN 18308 --- [    Test worker] o.s.data.convert.CustomConversions       : Registering converter from class java.time.LocalDateTime to class java.time.Instant as reading converter although it doesn't convert from a store-supported type! You might wanna check you annotation setup at the converter implementation.
2021-06-12 19:11:54.396  WARN 18308 --- [    Test worker] o.s.data.convert.CustomConversions       : Registering converter from class java.time.Instant to class java.time.LocalDateTime as reading converter although it doesn't convert from a store-supported type! You might wanna check you annotation setup at the converter implementation.
2021-06-12 19:11:54.409  WARN 18308 --- [    Test worker] o.s.data.convert.CustomConversions       : Registering converter from class java.time.LocalDateTime to class java.time.Instant as reading converter although it doesn't convert from a store-supported type! You might wanna check you annotation setup at the converter implementation.
2021-06-12 19:11:54.409  WARN 18308 --- [    Test worker] o.s.data.convert.CustomConversions       : Registering converter from class java.time.Instant to class java.time.LocalDateTime as reading converter although it doesn't convert from a store-supported type! You might wanna check you annotation setup at the converter implementation.
2021-06-12 19:11:54.478  INFO 18308 --- [    Test worker] o.s.b.w.embedded.tomcat.TomcatWebServer  : Tomcat started on port(s): 51848 (http) with context path ''
2021-06-12 19:11:54.479  INFO 18308 --- [    Test worker] c.m.c.s.impl.EmployeeServiceImplTest     : Started EmployeeServiceImplTest in 0.919 seconds (JVM running for 5.056)
2021-06-12 19:11:54.648  INFO 18308 --- [o-auto-1-exec-1] o.a.c.c.C.[Tomcat].[localhost].[/]       : Initializing Spring DispatcherServlet 'dispatcherServlet'
2021-06-12 19:11:54.649  INFO 18308 --- [o-auto-1-exec-1] o.s.web.servlet.DispatcherServlet        : Initializing Servlet 'dispatcherServlet'
2021-06-12 19:11:54.669  INFO 18308 --- [o-auto-1-exec-1] o.s.web.servlet.DispatcherServlet        : Completed initialization in 20 ms
2021-06-12 19:11:54.698 DEBUG 18308 --- [o-auto-1-exec-1] c.m.c.controller.EmployeeController      : Received employee create request for [com.mindex.challenge.data.Employee@2cad8832]
2021-06-12 19:11:54.699 DEBUG 18308 --- [o-auto-1-exec-1] c.m.c.service.EmployeeServiceImpl        : Creating employee [com.mindex.challenge.data.Employee@2cad8832]
2021-06-12 19:11:54.722 DEBUG 18308 --- [o-auto-1-exec-2] c.m.c.controller.EmployeeController      : Received employee create request for id [f1420ea3-0307-4b72-abc1-44a3209ee2f5]
2021-06-12 19:11:54.722 DEBUG 18308 --- [o-auto-1-exec-2] c.m.c.service.EmployeeServiceImpl        : Creating employee with id [f1420ea3-0307-4b72-abc1-44a3209ee2f5]
2021-06-12 19:11:54.735 DEBUG 18308 --- [o-auto-1-exec-3] c.m.c.controller.EmployeeController      : Received employee create request for id [f1420ea3-0307-4b72-abc1-44a3209ee2f5] and employee [com.mindex.challenge.data.Employee@17feff18]
2021-06-12 19:11:54.735 DEBUG 18308 --- [o-auto-1-exec-3] c.m.c.service.EmployeeServiceImpl        : Updating employee [com.mindex.challenge.data.Employee@17feff18]
]]></system-out>
  <system-err><![CDATA[]]></system-err>
</testsuite>
