<?xml version="1.0" encoding="UTF-8"?>
<testsuite name="com.mindex.challenge.ChallengeApplicationTests" tests="1" skipped="0" failures="0" errors="0" timestamp="2021-06-12T23:11:54" hostname="SKYNET.local" time="0.003">
  <properties/>
  <testcase name="contextLoads" classname="com.mindex.challenge.ChallengeApplicationTests" time="0.003"/>
  <system-out><![CDATA[2021-06-12 19:11:54.743  INFO 18308 --- [    Test worker] .b.t.c.SpringBootTestContextBootstrapper : Neither @ContextConfiguration nor @ContextHierarchy found for test class [com.mindex.challenge.ChallengeApplicationTests], using SpringBootContextLoader
2021-06-12 19:11:54.744  INFO 18308 --- [    Test worker] o.s.t.c.support.AbstractContextLoader    : Could not detect default resource locations for test class [com.mindex.challenge.ChallengeApplicationTests]: no resource found for suffixes {-context.xml, Context.groovy}.
2021-06-12 19:11:54.745  INFO 18308 --- [    Test worker] t.c.s.AnnotationConfigContextLoaderUtils : Could not detect default configuration classes for test class [com.mindex.challenge.ChallengeApplicationTests]: ChallengeApplicationTests does not declare any static, non-private, non-final, nested classes annotated with @Configuration.
2021-06-12 19:11:54.746  INFO 18308 --- [    Test worker] .b.t.c.SpringBootTestContextBootstrapper : Found @SpringBootConfiguration com.mindex.challenge.ChallengeApplication for test class com.mindex.challenge.ChallengeApplicationTests
2021-06-12 19:11:54.748  INFO 18308 --- [    Test worker] .b.t.c.SpringBootTestContextBootstrapper : Loaded default TestExecutionListener class names from location [META-INF/spring.factories]: [org.springframework.boot.test.autoconfigure.restdocs.RestDocsTestExecutionListener, org.springframework.boot.test.autoconfigure.web.client.MockRestServiceServerResetTestExecutionListener, org.springframework.boot.test.autoconfigure.web.servlet.MockMvcPrintOnlyOnFailureTestExecutionListener, org.springframework.boot.test.autoconfigure.web.servlet.WebDriverTestExecutionListener, org.springframework.boot.test.mock.mockito.MockitoTestExecutionListener, org.springframework.boot.test.mock.mockito.ResetMocksTestExecutionListener, org.springframework.test.context.web.ServletTestExecutionListener, org.springframework.test.context.support.DirtiesContextBeforeModesTestExecutionListener, org.springframework.test.context.support.DependencyInjectionTestExecutionListener, org.springframework.test.context.support.DirtiesContextTestExecutionListener, org.springframework.test.context.transaction.TransactionalTestExecutionListener, org.springframework.test.context.jdbc.SqlScriptsTestExecutionListener, org.springframework.test.context.event.EventPublishingTestExecutionListener]
2021-06-12 19:11:54.748  INFO 18308 --- [    Test worker] .b.t.c.SpringBootTestContextBootstrapper : Using TestExecutionListeners: [org.springframework.test.context.web.ServletTestExecutionListener@78355943, org.springframework.test.context.support.DirtiesContextBeforeModesTestExecutionListener@3c1c4531, org.springframework.boot.test.mock.mockito.MockitoTestExecutionListener@69d318e9, org.springframework.boot.test.autoconfigure.SpringBootDependencyInjectionTestExecutionListener@7f2f988d, org.springframework.test.context.support.DirtiesContextTestExecutionListener@2d02296a, org.springframework.test.context.transaction.TransactionalTestExecutionListener@7369c436, org.springframework.test.context.jdbc.SqlScriptsTestExecutionListener@20c9ee2, org.springframework.test.context.event.EventPublishingTestExecutionListener@1e495de, org.springframework.boot.test.autoconfigure.restdocs.RestDocsTestExecutionListener@3d11b5f1, org.springframework.boot.test.autoconfigure.web.client.MockRestServiceServerResetTestExecutionListener@e48e11, org.springframework.boot.test.autoconfigure.web.servlet.MockMvcPrintOnlyOnFailureTestExecutionListener@66f9eb61, org.springframework.boot.test.autoconfigure.web.servlet.WebDriverTestExecutionListener@4316c805, org.springframework.boot.test.mock.mockito.ResetMocksTestExecutionListener@731853ab]
]]></system-out>
  <system-err><![CDATA[]]></system-err>
</testsuite>
